CRITICAL - 2022-10-08 20:48:23 --> Undefined array key "id"
in APPPATH\Views\user\main.php on line 34.
 1 APPPATH\Views\user\main.php(34): CodeIgniter\Debug\Exceptions->errorHandler(2, 'Undefined array key "id"', 'APPPATH\\Views\\user\\main.php', 34)
 2 SYSTEMPATH\View\View.php(213): include('APPPATH\\Views\\user\\main.php')
 3 SYSTEMPATH\View\View.php(216): CodeIgniter\View\View->CodeIgniter\View\{closure}()
 4 SYSTEMPATH\Common.php(1142): CodeIgniter\View\View->render('user/main', [], true)
 5 APPPATH\Controllers\user\Main.php(16): view('user/main', [...])
 6 SYSTEMPATH\CodeIgniter.php(902): App\Controllers\User\Main->index()
 7 SYSTEMPATH\CodeIgniter.php(457): CodeIgniter\CodeIgniter->runController(Object(App\Controllers\User\Main))
 8 SYSTEMPATH\CodeIgniter.php(340): CodeIgniter\CodeIgniter->handleRequest(null, Object(Config\Cache), false)
 9 FCPATH\index.php(67): CodeIgniter\CodeIgniter->run()
CRITICAL - 2022-10-08 20:48:30 --> Undefined array key "id"
in APPPATH\Views\user\main.php on line 34.
 1 APPPATH\Views\user\main.php(34): CodeIgniter\Debug\Exceptions->errorHandler(2, 'Undefined array key "id"', 'APPPATH\\Views\\user\\main.php', 34)
 2 SYSTEMPATH\View\View.php(213): include('APPPATH\\Views\\user\\main.php')
 3 SYSTEMPATH\View\View.php(216): CodeIgniter\View\View->CodeIgniter\View\{closure}()
 4 SYSTEMPATH\Common.php(1142): CodeIgniter\View\View->render('user/main', [], true)
 5 APPPATH\Controllers\user\Main.php(16): view('user/main', [...])
 6 SYSTEMPATH\CodeIgniter.php(902): App\Controllers\User\Main->index()
 7 SYSTEMPATH\CodeIgniter.php(457): CodeIgniter\CodeIgniter->runController(Object(App\Controllers\User\Main))
 8 SYSTEMPATH\CodeIgniter.php(340): CodeIgniter\CodeIgniter->handleRequest(null, Object(Config\Cache), false)
 9 FCPATH\index.php(67): CodeIgniter\CodeIgniter->run()
CRITICAL - 2022-10-08 20:50:54 --> Undefined array key "id"
in APPPATH\Views\user\main.php on line 34.
 1 APPPATH\Views\user\main.php(34): CodeIgniter\Debug\Exceptions->errorHandler(2, 'Undefined array key "id"', 'APPPATH\\Views\\user\\main.php', 34)
 2 SYSTEMPATH\View\View.php(213): include('APPPATH\\Views\\user\\main.php')
 3 SYSTEMPATH\View\View.php(216): CodeIgniter\View\View->CodeIgniter\View\{closure}()
 4 SYSTEMPATH\Common.php(1142): CodeIgniter\View\View->render('user/main', [], true)
 5 APPPATH\Controllers\user\Main.php(16): view('user/main', [...])
 6 SYSTEMPATH\CodeIgniter.php(902): App\Controllers\User\Main->index()
 7 SYSTEMPATH\CodeIgniter.php(457): CodeIgniter\CodeIgniter->runController(Object(App\Controllers\User\Main))
 8 SYSTEMPATH\CodeIgniter.php(340): CodeIgniter\CodeIgniter->handleRequest(null, Object(Config\Cache), false)
 9 FCPATH\index.php(67): CodeIgniter\CodeIgniter->run()
CRITICAL - 2022-10-08 20:50:55 --> Undefined array key "id"
in APPPATH\Views\user\main.php on line 34.
 1 APPPATH\Views\user\main.php(34): CodeIgniter\Debug\Exceptions->errorHandler(2, 'Undefined array key "id"', 'APPPATH\\Views\\user\\main.php', 34)
 2 SYSTEMPATH\View\View.php(213): include('APPPATH\\Views\\user\\main.php')
 3 SYSTEMPATH\View\View.php(216): CodeIgniter\View\View->CodeIgniter\View\{closure}()
 4 SYSTEMPATH\Common.php(1142): CodeIgniter\View\View->render('user/main', [], true)
 5 APPPATH\Controllers\user\Main.php(16): view('user/main', [...])
 6 SYSTEMPATH\CodeIgniter.php(902): App\Controllers\User\Main->index()
 7 SYSTEMPATH\CodeIgniter.php(457): CodeIgniter\CodeIgniter->runController(Object(App\Controllers\User\Main))
 8 SYSTEMPATH\CodeIgniter.php(340): CodeIgniter\CodeIgniter->handleRequest(null, Object(Config\Cache), false)
 9 FCPATH\index.php(67): CodeIgniter\CodeIgniter->run()
CRITICAL - 2022-10-08 20:50:56 --> Undefined array key "id"
in APPPATH\Views\user\main.php on line 34.
 1 APPPATH\Views\user\main.php(34): CodeIgniter\Debug\Exceptions->errorHandler(2, 'Undefined array key "id"', 'APPPATH\\Views\\user\\main.php', 34)
 2 SYSTEMPATH\View\View.php(213): include('APPPATH\\Views\\user\\main.php')
 3 SYSTEMPATH\View\View.php(216): CodeIgniter\View\View->CodeIgniter\View\{closure}()
 4 SYSTEMPATH\Common.php(1142): CodeIgniter\View\View->render('user/main', [], true)
 5 APPPATH\Controllers\user\Main.php(16): view('user/main', [...])
 6 SYSTEMPATH\CodeIgniter.php(902): App\Controllers\User\Main->index()
 7 SYSTEMPATH\CodeIgniter.php(457): CodeIgniter\CodeIgniter->runController(Object(App\Controllers\User\Main))
 8 SYSTEMPATH\CodeIgniter.php(340): CodeIgniter\CodeIgniter->handleRequest(null, Object(Config\Cache), false)
 9 FCPATH\index.php(67): CodeIgniter\CodeIgniter->run()
CRITICAL - 2022-10-08 20:59:13 --> Undefined array key "id"
in APPPATH\Views\user\main.php on line 45.
 1 APPPATH\Views\user\main.php(45): CodeIgniter\Debug\Exceptions->errorHandler(2, 'Undefined array key "id"', 'APPPATH\\Views\\user\\main.php', 45)
 2 SYSTEMPATH\View\View.php(213): include('APPPATH\\Views\\user\\main.php')
 3 SYSTEMPATH\View\View.php(216): CodeIgniter\View\View->CodeIgniter\View\{closure}()
 4 SYSTEMPATH\Common.php(1142): CodeIgniter\View\View->render('user/main', [], true)
 5 APPPATH\Controllers\user\Main.php(16): view('user/main', [...])
 6 SYSTEMPATH\CodeIgniter.php(902): App\Controllers\User\Main->index()
 7 SYSTEMPATH\CodeIgniter.php(457): CodeIgniter\CodeIgniter->runController(Object(App\Controllers\User\Main))
 8 SYSTEMPATH\CodeIgniter.php(340): CodeIgniter\CodeIgniter->handleRequest(null, Object(Config\Cache), false)
 9 FCPATH\index.php(67): CodeIgniter\CodeIgniter->run()
CRITICAL - 2022-10-08 21:25:26 --> Undefined property: CodeIgniter\HTTP\IncomingRequest::$getVar
in APPPATH\Controllers\user\Add.php on line 27.
 1 APPPATH\Controllers\user\Add.php(27): CodeIgniter\Debug\Exceptions->errorHandler(2, 'Undefined property: CodeIgniter\\HTTP\\IncomingRequest::$getVar', 'APPPATH\\Controllers\\user\\Add.php', 27)
 2 SYSTEMPATH\CodeIgniter.php(902): App\Controllers\User\Add->save()
 3 SYSTEMPATH\CodeIgniter.php(457): CodeIgniter\CodeIgniter->runController(Object(App\Controllers\User\Add))
 4 SYSTEMPATH\CodeIgniter.php(340): CodeIgniter\CodeIgniter->handleRequest(null, Object(Config\Cache), false)
 5 FCPATH\index.php(67): CodeIgniter\CodeIgniter->run()
CRITICAL - 2022-10-08 22:00:48 --> Undefined property: CodeIgniter\HTTP\IncomingRequest::$getVar
in APPPATH\Controllers\user\Add.php on line 27.
 1 APPPATH\Controllers\user\Add.php(27): CodeIgniter\Debug\Exceptions->errorHandler(2, 'Undefined property: CodeIgniter\\HTTP\\IncomingRequest::$getVar', 'APPPATH\\Controllers\\user\\Add.php', 27)
 2 SYSTEMPATH\CodeIgniter.php(902): App\Controllers\User\Add->save()
 3 SYSTEMPATH\CodeIgniter.php(457): CodeIgniter\CodeIgniter->runController(Object(App\Controllers\User\Add))
 4 SYSTEMPATH\CodeIgniter.php(340): CodeIgniter\CodeIgniter->handleRequest(null, Object(Config\Cache), false)
 5 FCPATH\index.php(67): CodeIgniter\CodeIgniter->run()
CRITICAL - 2022-10-08 22:04:18 --> Undefined property: CodeIgniter\HTTP\IncomingRequest::$getVar
in APPPATH\Controllers\user\Add.php on line 27.
 1 APPPATH\Controllers\user\Add.php(27): CodeIgniter\Debug\Exceptions->errorHandler(2, 'Undefined property: CodeIgniter\\HTTP\\IncomingRequest::$getVar', 'APPPATH\\Controllers\\user\\Add.php', 27)
 2 SYSTEMPATH\CodeIgniter.php(902): App\Controllers\User\Add->save()
 3 SYSTEMPATH\CodeIgniter.php(457): CodeIgniter\CodeIgniter->runController(Object(App\Controllers\User\Add))
 4 SYSTEMPATH\CodeIgniter.php(340): CodeIgniter\CodeIgniter->handleRequest(null, Object(Config\Cache), false)
 5 FCPATH\index.php(67): CodeIgniter\CodeIgniter->run()
CRITICAL - 2022-10-08 22:04:22 --> Undefined property: CodeIgniter\HTTP\IncomingRequest::$getVar
in APPPATH\Controllers\user\Add.php on line 27.
 1 APPPATH\Controllers\user\Add.php(27): CodeIgniter\Debug\Exceptions->errorHandler(2, 'Undefined property: CodeIgniter\\HTTP\\IncomingRequest::$getVar', 'APPPATH\\Controllers\\user\\Add.php', 27)
 2 SYSTEMPATH\CodeIgniter.php(902): App\Controllers\User\Add->save()
 3 SYSTEMPATH\CodeIgniter.php(457): CodeIgniter\CodeIgniter->runController(Object(App\Controllers\User\Add))
 4 SYSTEMPATH\CodeIgniter.php(340): CodeIgniter\CodeIgniter->handleRequest(null, Object(Config\Cache), false)
 5 FCPATH\index.php(67): CodeIgniter\CodeIgniter->run()
CRITICAL - 2022-10-08 22:04:43 --> Undefined property: CodeIgniter\HTTP\IncomingRequest::$getVar
in APPPATH\Controllers\user\Add.php on line 27.
 1 APPPATH\Controllers\user\Add.php(27): CodeIgniter\Debug\Exceptions->errorHandler(2, 'Undefined property: CodeIgniter\\HTTP\\IncomingRequest::$getVar', 'APPPATH\\Controllers\\user\\Add.php', 27)
 2 SYSTEMPATH\CodeIgniter.php(902): App\Controllers\User\Add->save()
 3 SYSTEMPATH\CodeIgniter.php(457): CodeIgniter\CodeIgniter->runController(Object(App\Controllers\User\Add))
 4 SYSTEMPATH\CodeIgniter.php(340): CodeIgniter\CodeIgniter->handleRequest(null, Object(Config\Cache), false)
 5 FCPATH\index.php(67): CodeIgniter\CodeIgniter->run()
CRITICAL - 2022-10-08 22:11:16 --> Undefined property: CodeIgniter\HTTP\IncomingRequest::$getVar
in APPPATH\Controllers\user\Add.php on line 27.
 1 APPPATH\Controllers\user\Add.php(27): CodeIgniter\Debug\Exceptions->errorHandler(2, 'Undefined property: CodeIgniter\\HTTP\\IncomingRequest::$getVar', 'APPPATH\\Controllers\\user\\Add.php', 27)
 2 SYSTEMPATH\CodeIgniter.php(902): App\Controllers\User\Add->save()
 3 SYSTEMPATH\CodeIgniter.php(457): CodeIgniter\CodeIgniter->runController(Object(App\Controllers\User\Add))
 4 SYSTEMPATH\CodeIgniter.php(340): CodeIgniter\CodeIgniter->handleRequest(null, Object(Config\Cache), false)
 5 FCPATH\index.php(67): CodeIgniter\CodeIgniter->run()
CRITICAL - 2022-10-08 22:23:54 --> Undefined property: CodeIgniter\HTTP\IncomingRequest::$getVar
in APPPATH\Controllers\User\Add.php on line 27.
 1 APPPATH\Controllers\User\Add.php(27): CodeIgniter\Debug\Exceptions->errorHandler(2, 'Undefined property: CodeIgniter\\HTTP\\IncomingRequest::$getVar', 'APPPATH\\Controllers\\User\\Add.php', 27)
 2 SYSTEMPATH\CodeIgniter.php(902): App\Controllers\User\Add->save()
 3 SYSTEMPATH\CodeIgniter.php(457): CodeIgniter\CodeIgniter->runController(Object(App\Controllers\User\Add))
 4 SYSTEMPATH\CodeIgniter.php(340): CodeIgniter\CodeIgniter->handleRequest(null, Object(Config\Cache), false)
 5 FCPATH\index.php(67): CodeIgniter\CodeIgniter->run()
CRITICAL - 2022-10-08 22:25:04 --> Undefined property: CodeIgniter\HTTP\IncomingRequest::$getVar
in APPPATH\Controllers\User\Add.php on line 27.
 1 APPPATH\Controllers\User\Add.php(27): CodeIgniter\Debug\Exceptions->errorHandler(2, 'Undefined property: CodeIgniter\\HTTP\\IncomingRequest::$getVar', 'APPPATH\\Controllers\\User\\Add.php', 27)
 2 SYSTEMPATH\CodeIgniter.php(902): App\Controllers\User\Add->save()
 3 SYSTEMPATH\CodeIgniter.php(457): CodeIgniter\CodeIgniter->runController(Object(App\Controllers\User\Add))
 4 SYSTEMPATH\CodeIgniter.php(340): CodeIgniter\CodeIgniter->handleRequest(null, Object(Config\Cache), false)
 5 FCPATH\index.php(67): CodeIgniter\CodeIgniter->run()
CRITICAL - 2022-10-08 22:26:50 --> Undefined property: CodeIgniter\HTTP\IncomingRequest::$getVar
in APPPATH\Controllers\User\Add.php on line 27.
 1 APPPATH\Controllers\User\Add.php(27): CodeIgniter\Debug\Exceptions->errorHandler(2, 'Undefined property: CodeIgniter\\HTTP\\IncomingRequest::$getVar', 'APPPATH\\Controllers\\User\\Add.php', 27)
 2 SYSTEMPATH\CodeIgniter.php(902): App\Controllers\User\Add->save()
 3 SYSTEMPATH\CodeIgniter.php(457): CodeIgniter\CodeIgniter->runController(Object(App\Controllers\User\Add))
 4 SYSTEMPATH\CodeIgniter.php(340): CodeIgniter\CodeIgniter->handleRequest(null, Object(Config\Cache), false)
 5 FCPATH\index.php(67): CodeIgniter\CodeIgniter->run()
CRITICAL - 2022-10-08 22:26:53 --> Undefined property: CodeIgniter\HTTP\IncomingRequest::$getVar
in APPPATH\Controllers\User\Add.php on line 27.
 1 APPPATH\Controllers\User\Add.php(27): CodeIgniter\Debug\Exceptions->errorHandler(2, 'Undefined property: CodeIgniter\\HTTP\\IncomingRequest::$getVar', 'APPPATH\\Controllers\\User\\Add.php', 27)
 2 SYSTEMPATH\CodeIgniter.php(902): App\Controllers\User\Add->save()
 3 SYSTEMPATH\CodeIgniter.php(457): CodeIgniter\CodeIgniter->runController(Object(App\Controllers\User\Add))
 4 SYSTEMPATH\CodeIgniter.php(340): CodeIgniter\CodeIgniter->handleRequest(null, Object(Config\Cache), false)
 5 FCPATH\index.php(67): CodeIgniter\CodeIgniter->run()
CRITICAL - 2022-10-08 22:27:08 --> Undefined property: CodeIgniter\HTTP\IncomingRequest::$getVar
in APPPATH\Controllers\User\Add.php on line 27.
 1 APPPATH\Controllers\User\Add.php(27): CodeIgniter\Debug\Exceptions->errorHandler(2, 'Undefined property: CodeIgniter\\HTTP\\IncomingRequest::$getVar', 'APPPATH\\Controllers\\User\\Add.php', 27)
 2 SYSTEMPATH\CodeIgniter.php(902): App\Controllers\User\Add->save()
 3 SYSTEMPATH\CodeIgniter.php(457): CodeIgniter\CodeIgniter->runController(Object(App\Controllers\User\Add))
 4 SYSTEMPATH\CodeIgniter.php(340): CodeIgniter\CodeIgniter->handleRequest(null, Object(Config\Cache), false)
 5 FCPATH\index.php(67): CodeIgniter\CodeIgniter->run()
CRITICAL - 2022-10-08 22:33:51 --> Undefined property: CodeIgniter\HTTP\IncomingRequest::$getVar
in APPPATH\Controllers\User\Add.php on line 27.
 1 APPPATH\Controllers\User\Add.php(27): CodeIgniter\Debug\Exceptions->errorHandler(2, 'Undefined property: CodeIgniter\\HTTP\\IncomingRequest::$getVar', 'APPPATH\\Controllers\\User\\Add.php', 27)
 2 SYSTEMPATH\CodeIgniter.php(902): App\Controllers\User\Add->save()
 3 SYSTEMPATH\CodeIgniter.php(457): CodeIgniter\CodeIgniter->runController(Object(App\Controllers\User\Add))
 4 SYSTEMPATH\CodeIgniter.php(340): CodeIgniter\CodeIgniter->handleRequest(null, Object(Config\Cache), false)
 5 FCPATH\index.php(67): CodeIgniter\CodeIgniter->run()
CRITICAL - 2022-10-08 22:36:17 --> Undefined property: CodeIgniter\HTTP\IncomingRequest::$getVar
in APPPATH\Controllers\User\Add.php on line 27.
 1 APPPATH\Controllers\User\Add.php(27): CodeIgniter\Debug\Exceptions->errorHandler(2, 'Undefined property: CodeIgniter\\HTTP\\IncomingRequest::$getVar', 'APPPATH\\Controllers\\User\\Add.php', 27)
 2 SYSTEMPATH\CodeIgniter.php(902): App\Controllers\User\Add->save()
 3 SYSTEMPATH\CodeIgniter.php(457): CodeIgniter\CodeIgniter->runController(Object(App\Controllers\User\Add))
 4 SYSTEMPATH\CodeIgniter.php(340): CodeIgniter\CodeIgniter->handleRequest(null, Object(Config\Cache), false)
 5 FCPATH\index.php(67): CodeIgniter\CodeIgniter->run()
CRITICAL - 2022-10-08 22:42:21 --> Undefined property: CodeIgniter\HTTP\IncomingRequest::$getVar
in APPPATH\Controllers\User\Add.php on line 27.
 1 APPPATH\Controllers\User\Add.php(27): CodeIgniter\Debug\Exceptions->errorHandler(2, 'Undefined property: CodeIgniter\\HTTP\\IncomingRequest::$getVar', 'APPPATH\\Controllers\\User\\Add.php', 27)
 2 SYSTEMPATH\CodeIgniter.php(902): App\Controllers\User\Add->save()
 3 SYSTEMPATH\CodeIgniter.php(457): CodeIgniter\CodeIgniter->runController(Object(App\Controllers\User\Add))
 4 SYSTEMPATH\CodeIgniter.php(340): CodeIgniter\CodeIgniter->handleRequest(null, Object(Config\Cache), false)
 5 FCPATH\index.php(67): CodeIgniter\CodeIgniter->run()
ERROR - 2022-10-08 22:56:01 --> mysqli_sql_exception: Unknown column 'usuarios.idusuario' in 'where clause' in C:\xampp2\htdocs\proyecto2_celular\system\Database\MySQLi\Connection.php:292
Stack trace:
#0 C:\xampp2\htdocs\proyecto2_celular\system\Database\MySQLi\Connection.php(292): mysqli->query('SELECT *\nFROM `...', 0)
#1 C:\xampp2\htdocs\proyecto2_celular\system\Database\BaseConnection.php(693): CodeIgniter\Database\MySQLi\Connection->execute('SELECT *\nFROM `...')
#2 C:\xampp2\htdocs\proyecto2_celular\system\Database\BaseConnection.php(620): CodeIgniter\Database\BaseConnection->simpleQuery('SELECT *\nFROM `...')
#3 C:\xampp2\htdocs\proyecto2_celular\system\Database\BaseBuilder.php(1585): CodeIgniter\Database\BaseConnection->query('SELECT *\nFROM `...', Array, false)
#4 C:\xampp2\htdocs\proyecto2_celular\system\Model.php(182): CodeIgniter\Database\BaseBuilder->get()
#5 C:\xampp2\htdocs\proyecto2_celular\system\BaseModel.php(523): CodeIgniter\Model->doFind(true, '2')
#6 C:\xampp2\htdocs\proyecto2_celular\app\Models\userModel.php(17): CodeIgniter\BaseModel->find('2')
#7 C:\xampp2\htdocs\proyecto2_celular\app\Controllers\User\Edit.php(21): App\Models\UserModel->readUser('2')
#8 C:\xampp2\htdocs\proyecto2_celular\system\CodeIgniter.php(902): App\Controllers\User\Edit->index('2')
#9 C:\xampp2\htdocs\proyecto2_celular\system\CodeIgniter.php(457): CodeIgniter\CodeIgniter->runController(Object(App\Controllers\User\Edit))
#10 C:\xampp2\htdocs\proyecto2_celular\system\CodeIgniter.php(340): CodeIgniter\CodeIgniter->handleRequest(NULL, Object(Config\Cache), false)
#11 C:\xampp2\htdocs\proyecto2_celular\public\index.php(67): CodeIgniter\CodeIgniter->run()
#12 {main}
CRITICAL - 2022-10-08 22:56:01 --> Call to a member function getFirstRow() on bool
in SYSTEMPATH\Model.php on line 183.
 1 SYSTEMPATH\BaseModel.php(523): CodeIgniter\Model->doFind(true, '2')
 2 APPPATH\Models\userModel.php(17): CodeIgniter\BaseModel->find('2')
 3 APPPATH\Controllers\User\Edit.php(21): App\Models\UserModel->readUser('2')
 4 SYSTEMPATH\CodeIgniter.php(902): App\Controllers\User\Edit->index('2')
 5 SYSTEMPATH\CodeIgniter.php(457): CodeIgniter\CodeIgniter->runController(Object(App\Controllers\User\Edit))
 6 SYSTEMPATH\CodeIgniter.php(340): CodeIgniter\CodeIgniter->handleRequest(null, Object(Config\Cache), false)
 7 FCPATH\index.php(67): CodeIgniter\CodeIgniter->run()
ERROR - 2022-10-08 22:56:22 --> mysqli_sql_exception: Unknown column 'usuarios.idusuario' in 'where clause' in C:\xampp2\htdocs\proyecto2_celular\system\Database\MySQLi\Connection.php:292
Stack trace:
#0 C:\xampp2\htdocs\proyecto2_celular\system\Database\MySQLi\Connection.php(292): mysqli->query('SELECT *\nFROM `...', 0)
#1 C:\xampp2\htdocs\proyecto2_celular\system\Database\BaseConnection.php(693): CodeIgniter\Database\MySQLi\Connection->execute('SELECT *\nFROM `...')
#2 C:\xampp2\htdocs\proyecto2_celular\system\Database\BaseConnection.php(620): CodeIgniter\Database\BaseConnection->simpleQuery('SELECT *\nFROM `...')
#3 C:\xampp2\htdocs\proyecto2_celular\system\Database\BaseBuilder.php(1585): CodeIgniter\Database\BaseConnection->query('SELECT *\nFROM `...', Array, false)
#4 C:\xampp2\htdocs\proyecto2_celular\system\Model.php(182): CodeIgniter\Database\BaseBuilder->get()
#5 C:\xampp2\htdocs\proyecto2_celular\system\BaseModel.php(523): CodeIgniter\Model->doFind(true, '1')
#6 C:\xampp2\htdocs\proyecto2_celular\app\Models\userModel.php(17): CodeIgniter\BaseModel->find('1')
#7 C:\xampp2\htdocs\proyecto2_celular\app\Controllers\User\Edit.php(21): App\Models\UserModel->readUser('1')
#8 C:\xampp2\htdocs\proyecto2_celular\system\CodeIgniter.php(902): App\Controllers\User\Edit->index('1')
#9 C:\xampp2\htdocs\proyecto2_celular\system\CodeIgniter.php(457): CodeIgniter\CodeIgniter->runController(Object(App\Controllers\User\Edit))
#10 C:\xampp2\htdocs\proyecto2_celular\system\CodeIgniter.php(340): CodeIgniter\CodeIgniter->handleRequest(NULL, Object(Config\Cache), false)
#11 C:\xampp2\htdocs\proyecto2_celular\public\index.php(67): CodeIgniter\CodeIgniter->run()
#12 {main}
CRITICAL - 2022-10-08 22:56:22 --> Call to a member function getFirstRow() on bool
in SYSTEMPATH\Model.php on line 183.
 1 SYSTEMPATH\BaseModel.php(523): CodeIgniter\Model->doFind(true, '1')
 2 APPPATH\Models\userModel.php(17): CodeIgniter\BaseModel->find('1')
 3 APPPATH\Controllers\User\Edit.php(21): App\Models\UserModel->readUser('1')
 4 SYSTEMPATH\CodeIgniter.php(902): App\Controllers\User\Edit->index('1')
 5 SYSTEMPATH\CodeIgniter.php(457): CodeIgniter\CodeIgniter->runController(Object(App\Controllers\User\Edit))
 6 SYSTEMPATH\CodeIgniter.php(340): CodeIgniter\CodeIgniter->handleRequest(null, Object(Config\Cache), false)
 7 FCPATH\index.php(67): CodeIgniter\CodeIgniter->run()
ERROR - 2022-10-08 22:56:43 --> mysqli_sql_exception: Unknown column 'usuarios.idusuario' in 'where clause' in C:\xampp2\htdocs\proyecto2_celular\system\Database\MySQLi\Connection.php:292
Stack trace:
#0 C:\xampp2\htdocs\proyecto2_celular\system\Database\MySQLi\Connection.php(292): mysqli->query('SELECT *\nFROM `...', 0)
#1 C:\xampp2\htdocs\proyecto2_celular\system\Database\BaseConnection.php(693): CodeIgniter\Database\MySQLi\Connection->execute('SELECT *\nFROM `...')
#2 C:\xampp2\htdocs\proyecto2_celular\system\Database\BaseConnection.php(620): CodeIgniter\Database\BaseConnection->simpleQuery('SELECT *\nFROM `...')
#3 C:\xampp2\htdocs\proyecto2_celular\system\Database\BaseBuilder.php(1585): CodeIgniter\Database\BaseConnection->query('SELECT *\nFROM `...', Array, false)
#4 C:\xampp2\htdocs\proyecto2_celular\system\Model.php(182): CodeIgniter\Database\BaseBuilder->get()
#5 C:\xampp2\htdocs\proyecto2_celular\system\BaseModel.php(523): CodeIgniter\Model->doFind(true, '2')
#6 C:\xampp2\htdocs\proyecto2_celular\app\Models\userModel.php(17): CodeIgniter\BaseModel->find('2')
#7 C:\xampp2\htdocs\proyecto2_celular\app\Controllers\User\Edit.php(21): App\Models\UserModel->readUser('2')
#8 C:\xampp2\htdocs\proyecto2_celular\system\CodeIgniter.php(902): App\Controllers\User\Edit->index('2')
#9 C:\xampp2\htdocs\proyecto2_celular\system\CodeIgniter.php(457): CodeIgniter\CodeIgniter->runController(Object(App\Controllers\User\Edit))
#10 C:\xampp2\htdocs\proyecto2_celular\system\CodeIgniter.php(340): CodeIgniter\CodeIgniter->handleRequest(NULL, Object(Config\Cache), false)
#11 C:\xampp2\htdocs\proyecto2_celular\public\index.php(67): CodeIgniter\CodeIgniter->run()
#12 {main}
CRITICAL - 2022-10-08 22:56:43 --> Call to a member function getFirstRow() on bool
in SYSTEMPATH\Model.php on line 183.
 1 SYSTEMPATH\BaseModel.php(523): CodeIgniter\Model->doFind(true, '2')
 2 APPPATH\Models\userModel.php(17): CodeIgniter\BaseModel->find('2')
 3 APPPATH\Controllers\User\Edit.php(21): App\Models\UserModel->readUser('2')
 4 SYSTEMPATH\CodeIgniter.php(902): App\Controllers\User\Edit->index('2')
 5 SYSTEMPATH\CodeIgniter.php(457): CodeIgniter\CodeIgniter->runController(Object(App\Controllers\User\Edit))
 6 SYSTEMPATH\CodeIgniter.php(340): CodeIgniter\CodeIgniter->handleRequest(null, Object(Config\Cache), false)
 7 FCPATH\index.php(67): CodeIgniter\CodeIgniter->run()
ERROR - 2022-10-08 22:57:06 --> mysqli_sql_exception: Unknown column 'usuarios.idusuario' in 'where clause' in C:\xampp2\htdocs\proyecto2_celular\system\Database\MySQLi\Connection.php:292
Stack trace:
#0 C:\xampp2\htdocs\proyecto2_celular\system\Database\MySQLi\Connection.php(292): mysqli->query('SELECT *\nFROM `...', 0)
#1 C:\xampp2\htdocs\proyecto2_celular\system\Database\BaseConnection.php(693): CodeIgniter\Database\MySQLi\Connection->execute('SELECT *\nFROM `...')
#2 C:\xampp2\htdocs\proyecto2_celular\system\Database\BaseConnection.php(620): CodeIgniter\Database\BaseConnection->simpleQuery('SELECT *\nFROM `...')
#3 C:\xampp2\htdocs\proyecto2_celular\system\Database\BaseBuilder.php(1585): CodeIgniter\Database\BaseConnection->query('SELECT *\nFROM `...', Array, false)
#4 C:\xampp2\htdocs\proyecto2_celular\system\Model.php(182): CodeIgniter\Database\BaseBuilder->get()
#5 C:\xampp2\htdocs\proyecto2_celular\system\BaseModel.php(523): CodeIgniter\Model->doFind(true, '2')
#6 C:\xampp2\htdocs\proyecto2_celular\app\Models\userModel.php(17): CodeIgniter\BaseModel->find('2')
#7 C:\xampp2\htdocs\proyecto2_celular\app\Controllers\User\Edit.php(21): App\Models\UserModel->readUser('2')
#8 C:\xampp2\htdocs\proyecto2_celular\system\CodeIgniter.php(902): App\Controllers\User\Edit->index('2')
#9 C:\xampp2\htdocs\proyecto2_celular\system\CodeIgniter.php(457): CodeIgniter\CodeIgniter->runController(Object(App\Controllers\User\Edit))
#10 C:\xampp2\htdocs\proyecto2_celular\system\CodeIgniter.php(340): CodeIgniter\CodeIgniter->handleRequest(NULL, Object(Config\Cache), false)
#11 C:\xampp2\htdocs\proyecto2_celular\public\index.php(67): CodeIgniter\CodeIgniter->run()
#12 {main}
CRITICAL - 2022-10-08 22:57:06 --> Call to a member function getFirstRow() on bool
in SYSTEMPATH\Model.php on line 183.
 1 SYSTEMPATH\BaseModel.php(523): CodeIgniter\Model->doFind(true, '2')
 2 APPPATH\Models\userModel.php(17): CodeIgniter\BaseModel->find('2')
 3 APPPATH\Controllers\User\Edit.php(21): App\Models\UserModel->readUser('2')
 4 SYSTEMPATH\CodeIgniter.php(902): App\Controllers\User\Edit->index('2')
 5 SYSTEMPATH\CodeIgniter.php(457): CodeIgniter\CodeIgniter->runController(Object(App\Controllers\User\Edit))
 6 SYSTEMPATH\CodeIgniter.php(340): CodeIgniter\CodeIgniter->handleRequest(null, Object(Config\Cache), false)
 7 FCPATH\index.php(67): CodeIgniter\CodeIgniter->run()
ERROR - 2022-10-08 23:02:14 --> mysqli_sql_exception: Table 'venta_celulares.usuarios' doesn't exist in C:\xampp2\htdocs\proyecto2_celular\system\Database\MySQLi\Connection.php:292
Stack trace:
#0 C:\xampp2\htdocs\proyecto2_celular\system\Database\MySQLi\Connection.php(292): mysqli->query('SELECT *\nFROM `...', 0)
#1 C:\xampp2\htdocs\proyecto2_celular\system\Database\BaseConnection.php(693): CodeIgniter\Database\MySQLi\Connection->execute('SELECT *\nFROM `...')
#2 C:\xampp2\htdocs\proyecto2_celular\system\Database\BaseConnection.php(620): CodeIgniter\Database\BaseConnection->simpleQuery('SELECT *\nFROM `...')
#3 C:\xampp2\htdocs\proyecto2_celular\system\Database\BaseBuilder.php(1585): CodeIgniter\Database\BaseConnection->query('SELECT *\nFROM `...', Array, false)
#4 C:\xampp2\htdocs\proyecto2_celular\system\Model.php(182): CodeIgniter\Database\BaseBuilder->get()
#5 C:\xampp2\htdocs\proyecto2_celular\system\BaseModel.php(523): CodeIgniter\Model->doFind(true, '2')
#6 C:\xampp2\htdocs\proyecto2_celular\app\Models\userModel.php(17): CodeIgniter\BaseModel->find('2')
#7 C:\xampp2\htdocs\proyecto2_celular\app\Controllers\User\Edit.php(21): App\Models\UserModel->readUser('2')
#8 C:\xampp2\htdocs\proyecto2_celular\system\CodeIgniter.php(902): App\Controllers\User\Edit->index('2')
#9 C:\xampp2\htdocs\proyecto2_celular\system\CodeIgniter.php(457): CodeIgniter\CodeIgniter->runController(Object(App\Controllers\User\Edit))
#10 C:\xampp2\htdocs\proyecto2_celular\system\CodeIgniter.php(340): CodeIgniter\CodeIgniter->handleRequest(NULL, Object(Config\Cache), false)
#11 C:\xampp2\htdocs\proyecto2_celular\public\index.php(67): CodeIgniter\CodeIgniter->run()
#12 {main}
CRITICAL - 2022-10-08 23:02:14 --> Call to a member function getFirstRow() on bool
in SYSTEMPATH\Model.php on line 183.
 1 SYSTEMPATH\BaseModel.php(523): CodeIgniter\Model->doFind(true, '2')
 2 APPPATH\Models\userModel.php(17): CodeIgniter\BaseModel->find('2')
 3 APPPATH\Controllers\User\Edit.php(21): App\Models\UserModel->readUser('2')
 4 SYSTEMPATH\CodeIgniter.php(902): App\Controllers\User\Edit->index('2')
 5 SYSTEMPATH\CodeIgniter.php(457): CodeIgniter\CodeIgniter->runController(Object(App\Controllers\User\Edit))
 6 SYSTEMPATH\CodeIgniter.php(340): CodeIgniter\CodeIgniter->handleRequest(null, Object(Config\Cache), false)
 7 FCPATH\index.php(67): CodeIgniter\CodeIgniter->run()
ERROR - 2022-10-08 23:02:15 --> mysqli_sql_exception: Table 'venta_celulares.usuarios' doesn't exist in C:\xampp2\htdocs\proyecto2_celular\system\Database\MySQLi\Connection.php:292
Stack trace:
#0 C:\xampp2\htdocs\proyecto2_celular\system\Database\MySQLi\Connection.php(292): mysqli->query('SELECT *\nFROM `...', 0)
#1 C:\xampp2\htdocs\proyecto2_celular\system\Database\BaseConnection.php(693): CodeIgniter\Database\MySQLi\Connection->execute('SELECT *\nFROM `...')
#2 C:\xampp2\htdocs\proyecto2_celular\system\Database\BaseConnection.php(620): CodeIgniter\Database\BaseConnection->simpleQuery('SELECT *\nFROM `...')
#3 C:\xampp2\htdocs\proyecto2_celular\system\Database\BaseBuilder.php(1585): CodeIgniter\Database\BaseConnection->query('SELECT *\nFROM `...', Array, false)
#4 C:\xampp2\htdocs\proyecto2_celular\system\Model.php(223): CodeIgniter\Database\BaseBuilder->get()
#5 C:\xampp2\htdocs\proyecto2_celular\system\BaseModel.php(584): CodeIgniter\Model->doFindAll(0, 0)
#6 C:\xampp2\htdocs\proyecto2_celular\app\Models\userModel.php(13): CodeIgniter\BaseModel->findAll()
#7 C:\xampp2\htdocs\proyecto2_celular\app\Controllers\User\Main.php(14): App\Models\UserModel->readUsers()
#8 C:\xampp2\htdocs\proyecto2_celular\system\CodeIgniter.php(902): App\Controllers\User\Main->index()
#9 C:\xampp2\htdocs\proyecto2_celular\system\CodeIgniter.php(457): CodeIgniter\CodeIgniter->runController(Object(App\Controllers\User\Main))
#10 C:\xampp2\htdocs\proyecto2_celular\system\CodeIgniter.php(340): CodeIgniter\CodeIgniter->handleRequest(NULL, Object(Config\Cache), false)
#11 C:\xampp2\htdocs\proyecto2_celular\public\index.php(67): CodeIgniter\CodeIgniter->run()
#12 {main}
CRITICAL - 2022-10-08 23:02:15 --> Call to a member function getResult() on bool
in SYSTEMPATH\Model.php on line 224.
 1 SYSTEMPATH\BaseModel.php(584): CodeIgniter\Model->doFindAll(0, 0)
 2 APPPATH\Models\userModel.php(13): CodeIgniter\BaseModel->findAll()
 3 APPPATH\Controllers\User\Main.php(14): App\Models\UserModel->readUsers()
 4 SYSTEMPATH\CodeIgniter.php(902): App\Controllers\User\Main->index()
 5 SYSTEMPATH\CodeIgniter.php(457): CodeIgniter\CodeIgniter->runController(Object(App\Controllers\User\Main))
 6 SYSTEMPATH\CodeIgniter.php(340): CodeIgniter\CodeIgniter->handleRequest(null, Object(Config\Cache), false)
 7 FCPATH\index.php(67): CodeIgniter\CodeIgniter->run()
CRITICAL - 2022-10-08 23:03:28 --> Too few arguments to function App\Controllers\User\Edit::index(), 0 passed in C:\xampp2\htdocs\proyecto2_celular\system\CodeIgniter.php on line 902 and exactly 1 expected
in APPPATH\Controllers\User\Edit.php on line 17.
 1 SYSTEMPATH\CodeIgniter.php(902): App\Controllers\User\Edit->index()
 2 SYSTEMPATH\CodeIgniter.php(457): CodeIgniter\CodeIgniter->runController(Object(App\Controllers\User\Edit))
 3 SYSTEMPATH\CodeIgniter.php(340): CodeIgniter\CodeIgniter->handleRequest(null, Object(Config\Cache), false)
 4 FCPATH\index.php(67): CodeIgniter\CodeIgniter->run()
CRITICAL - 2022-10-08 23:03:45 --> Undefined property: CodeIgniter\HTTP\IncomingRequest::$getVar
in APPPATH\Controllers\User\Add.php on line 27.
 1 APPPATH\Controllers\User\Add.php(27): CodeIgniter\Debug\Exceptions->errorHandler(2, 'Undefined property: CodeIgniter\\HTTP\\IncomingRequest::$getVar', 'APPPATH\\Controllers\\User\\Add.php', 27)
 2 SYSTEMPATH\CodeIgniter.php(902): App\Controllers\User\Add->save()
 3 SYSTEMPATH\CodeIgniter.php(457): CodeIgniter\CodeIgniter->runController(Object(App\Controllers\User\Add))
 4 SYSTEMPATH\CodeIgniter.php(340): CodeIgniter\CodeIgniter->handleRequest(null, Object(Config\Cache), false)
 5 FCPATH\index.php(67): CodeIgniter\CodeIgniter->run()
CRITICAL - 2022-10-08 23:05:11 --> Undefined property: CodeIgniter\HTTP\IncomingRequest::$getVar
in APPPATH\Controllers\User\Add.php on line 27.
 1 APPPATH\Controllers\User\Add.php(27): CodeIgniter\Debug\Exceptions->errorHandler(2, 'Undefined property: CodeIgniter\\HTTP\\IncomingRequest::$getVar', 'APPPATH\\Controllers\\User\\Add.php', 27)
 2 SYSTEMPATH\CodeIgniter.php(902): App\Controllers\User\Add->save()
 3 SYSTEMPATH\CodeIgniter.php(457): CodeIgniter\CodeIgniter->runController(Object(App\Controllers\User\Add))
 4 SYSTEMPATH\CodeIgniter.php(340): CodeIgniter\CodeIgniter->handleRequest(null, Object(Config\Cache), false)
 5 FCPATH\index.php(67): CodeIgniter\CodeIgniter->run()
CRITICAL - 2022-10-08 23:05:43 --> Undefined array key "name"
in APPPATH\Views\user\edit.php on line 34.
 1 APPPATH\Views\user\edit.php(34): CodeIgniter\Debug\Exceptions->errorHandler(2, 'Undefined array key "name"', 'APPPATH\\Views\\user\\edit.php', 34)
 2 SYSTEMPATH\View\View.php(213): include('APPPATH\\Views\\user\\edit.php')
 3 SYSTEMPATH\View\View.php(216): CodeIgniter\View\View->CodeIgniter\View\{closure}()
 4 SYSTEMPATH\Common.php(1142): CodeIgniter\View\View->render('user/edit', [], true)
 5 APPPATH\Controllers\User\Edit.php(22): view('user/edit', [...])
 6 SYSTEMPATH\CodeIgniter.php(902): App\Controllers\User\Edit->index('2')
 7 SYSTEMPATH\CodeIgniter.php(457): CodeIgniter\CodeIgniter->runController(Object(App\Controllers\User\Edit))
 8 SYSTEMPATH\CodeIgniter.php(340): CodeIgniter\CodeIgniter->handleRequest(null, Object(Config\Cache), false)
 9 FCPATH\index.php(67): CodeIgniter\CodeIgniter->run()
CRITICAL - 2022-10-08 23:22:57 --> Undefined property: CodeIgniter\HTTP\IncomingRequest::$getVar
in APPPATH\Controllers\User\Add.php on line 27.
 1 APPPATH\Controllers\User\Add.php(27): CodeIgniter\Debug\Exceptions->errorHandler(2, 'Undefined property: CodeIgniter\\HTTP\\IncomingRequest::$getVar', 'APPPATH\\Controllers\\User\\Add.php', 27)
 2 SYSTEMPATH\CodeIgniter.php(902): App\Controllers\User\Add->save()
 3 SYSTEMPATH\CodeIgniter.php(457): CodeIgniter\CodeIgniter->runController(Object(App\Controllers\User\Add))
 4 SYSTEMPATH\CodeIgniter.php(340): CodeIgniter\CodeIgniter->handleRequest(null, Object(Config\Cache), false)
 5 FCPATH\index.php(67): CodeIgniter\CodeIgniter->run()
CRITICAL - 2022-10-08 23:31:42 --> Undefined property: CodeIgniter\HTTP\IncomingRequest::$getVar
in APPPATH\Controllers\User\Add.php on line 27.
 1 APPPATH\Controllers\User\Add.php(27): CodeIgniter\Debug\Exceptions->errorHandler(2, 'Undefined property: CodeIgniter\\HTTP\\IncomingRequest::$getVar', 'APPPATH\\Controllers\\User\\Add.php', 27)
 2 SYSTEMPATH\CodeIgniter.php(902): App\Controllers\User\Add->save()
 3 SYSTEMPATH\CodeIgniter.php(457): CodeIgniter\CodeIgniter->runController(Object(App\Controllers\User\Add))
 4 SYSTEMPATH\CodeIgniter.php(340): CodeIgniter\CodeIgniter->handleRequest(null, Object(Config\Cache), false)
 5 FCPATH\index.php(67): CodeIgniter\CodeIgniter->run()
